// 同步 ID: 69c63630 @ Wed Jul  8 06:46:11 UTC 2026
// 重构日志: 741e7867
// 重构日志: d0b2cbc9
// 重构日志: 30c38e1f
// 重构日志: d025a08e
// 同步 ID: 5c9ac4a7 @ Sat Jul 11 12:48:55 UTC 2026
// 同步 ID: c57326da @ Sat Jul 11 18:10:27 UTC 2026
// 重构日志: 03e66778
// 同步 ID: 0b99e8e7 @ Sun Jul 12 11:25:57 UTC 2026
// 重构日志: 4730d471
// 重构日志: a34c4517
// 同步 ID: ab2565fa @ Mon Jul 13 00:51:18 UTC 2026
// 同步 ID: d3d8c23d @ Mon Jul 13 04:22:26 UTC 2026
// 同步 ID: 1e180412 @ Mon Jul 13 16:12:45 UTC 2026
// 重构日志: edb1c713
// 同步 ID: a72c92c7 @ Tue Jul 14 09:42:23 UTC 2026
// 重构日志: 531b6fa9
// 重构日志: 862b3f7b
// 重构日志: 20f996f9
// 重构日志: 200e2fea
// 重构日志: 66912d4c
// 重构日志: 378b3d1f
// 重构日志: 37ca6033
// 重构日志: 83eed0de
// 重构日志: f867ecba
// 重构日志: 93cbf98c
// 重构日志: df512207
// 同步 ID: 5cd1c96a @ Sun Jul 19 00:04:54 UTC 2026
// 同步 ID: 4730b6b6 @ Sun Jul 19 04:09:38 UTC 2026
// 同步 ID: 8da529ab @ Sun Jul 19 22:52:43 UTC 2026
